<?xml version="1.0" encoding="UTF-8"?>
<!-- Generated by org.testng.reporters.JUnitXMLReporter -->
<testsuite hostname="Parag-PC" ignored="0" name="FBtestcases" tests="6" failures="0" timestamp="25 Apr 2018 16:57:12 GMT" time="0.094" errors="0">
  <testcase name="@BeforeMethod setup" time="0.007" classname="Com_FB_Qa_Test.HomePageTest">
    <failure type="java.lang.NullPointerException">
      <![CDATA[java.lang.NullPointerException
	at Com_FB_QA_Base.TestBase.initalization(TestBase.java:46)
	at Com_FB_Qa_Test.HomePageTest.setup(HomePageTest.java:29)
	at java.util.concurrent.FutureTask.run(Unknown Source)
	at java.util.concurrent.ThreadPoolExecutor.runWorker(Unknown Source)
	at java.util.concurrent.ThreadPoolExecutor$Worker.run(Unknown Source)
	at java.lang.Thread.run(Unknown Source)
... Removed 18 stack frames]]>
    </failure>
  </testcase> <!-- @BeforeMethod setup -->
  <testcase name="@BeforeMethod SetUp" time="0.001" classname="Com_FB_Qa_Test.LoginPageTest">
    <failure type="java.lang.NullPointerException">
      <![CDATA[java.lang.NullPointerException
	at Com_FB_QA_Base.TestBase.initalization(TestBase.java:46)
	at Com_FB_Qa_Test.LoginPageTest.SetUp(LoginPageTest.java:27)
	at java.util.concurrent.FutureTask.run(Unknown Source)
	at java.util.concurrent.ThreadPoolExecutor.runWorker(Unknown Source)
	at java.util.concurrent.ThreadPoolExecutor$Worker.run(Unknown Source)
	at java.lang.Thread.run(Unknown Source)
... Removed 18 stack frames]]>
    </failure>
  </testcase> <!-- @BeforeMethod SetUp -->
  <testcase name="@BeforeMethod setup" time="0.0" classname="Com_FB_Qa_Test.HomePageTest">
    <skipped/>
  </testcase> <!-- @BeforeMethod setup -->
  <testcase name="@BeforeMethod SetUp" time="0.0" classname="Com_FB_Qa_Test.LoginPageTest">
    <skipped/>
  </testcase> <!-- @BeforeMethod SetUp -->
  <testcase name="@BeforeMethod setup" time="0.0" classname="Com_FB_Qa_Test.HomePageTest">
    <skipped/>
  </testcase> <!-- @BeforeMethod setup -->
  <testcase name="@BeforeMethod setup" time="0.0" classname="Com_FB_Qa_Test.HomePageTest">
    <skipped/>
  </testcase> <!-- @BeforeMethod setup -->
  <testcase name="UsernameonPageTest" time="0.001" classname="Com_FB_Qa_Test.HomePageTest">
    <skipped/>
  </testcase> <!-- UsernameonPageTest -->
  <testcase name="LoginPageTitletest" time="0.0" classname="Com_FB_Qa_Test.LoginPageTest">
    <skipped/>
  </testcase> <!-- LoginPageTitletest -->
  <testcase name="clickonNavigation" time="0.0" classname="Com_FB_Qa_Test.HomePageTest">
    <skipped/>
  </testcase> <!-- clickonNavigation -->
  <testcase name="givecredentials" time="0.0" classname="Com_FB_Qa_Test.LoginPageTest">
    <skipped/>
  </testcase> <!-- givecredentials -->
  <testcase name="Logout" time="0.0" classname="Com_FB_Qa_Test.HomePageTest">
    <skipped/>
  </testcase> <!-- Logout -->
  <testcase name="LogoutTitle" time="0.0" classname="Com_FB_Qa_Test.HomePageTest">
    <skipped/>
  </testcase> <!-- LogoutTitle -->
</testsuite> <!-- FBtestcases -->
