<?xml version="1.0" encoding="UTF-8"?>
<testng-results skipped="7" failed="1" total="8" passed="0">
  <reporter-output>
  </reporter-output>
  <suite name="Default suite" duration-ms="644" started-at="2018-04-26T19:27:41Z" finished-at="2018-04-26T19:27:42Z">
    <groups>
    </groups>
    <test name="Default test" duration-ms="644" started-at="2018-04-26T19:27:41Z" finished-at="2018-04-26T19:27:42Z">
      <class name="com_naukari_qa_ExtendReport.ExtentReportscreenshot">
        <test-method status="PASS" signature="startReport()[pri:0, instance:com_naukari_qa_ExtendReport.ExtentReportscreenshot@6e1ec318]" name="startReport" is-config="true" duration-ms="409" started-at="2018-04-27T00:57:41Z" finished-at="2018-04-27T00:57:41Z">
          <reporter-output>
          </reporter-output>
        </test-method> <!-- startReport -->
        <test-method status="FAIL" signature="failTest()[pri:0, instance:com_naukari_qa_ExtendReport.ExtentReportscreenshot@6e1ec318]" name="failTest" duration-ms="160" started-at="2018-04-27T00:57:41Z" finished-at="2018-04-27T00:57:42Z">
          <exception class="java.lang.IllegalStateException">
            <message>
              <![CDATA[The driver executable does not exist: D:\Selenium\Drivers\geckodriver.exe]]>
            </message>
            <full-stacktrace>
              <![CDATA[java.lang.IllegalStateException: The driver executable does not exist: D:\Selenium\Drivers\geckodriver.exe
	at com.google.common.base.Preconditions.checkState(Preconditions.java:534)
	at org.openqa.selenium.remote.service.DriverService.checkExecutable(DriverService.java:136)
	at org.openqa.selenium.remote.service.DriverService.findExecutable(DriverService.java:131)
	at org.openqa.selenium.firefox.GeckoDriverService.access$100(GeckoDriverService.java:41)
	at org.openqa.selenium.firefox.GeckoDriverService$Builder.findDefaultExecutable(GeckoDriverService.java:141)
	at org.openqa.selenium.remote.service.DriverService$Builder.build(DriverService.java:339)
	at org.openqa.selenium.firefox.FirefoxDriver.toExecutor(FirefoxDriver.java:158)
	at org.openqa.selenium.firefox.FirefoxDriver.<init>(FirefoxDriver.java:120)
	at org.openqa.selenium.firefox.FirefoxDriver.<init>(FirefoxDriver.java:98)
	at com_naukari_qa_ExtendReport.ExtentReportscreenshot.failTest(ExtentReportscreenshot.java:86)
	at sun.reflect.NativeMethodAccessorImpl.invoke0(Native Method)
	at sun.reflect.NativeMethodAccessorImpl.invoke(Unknown Source)
	at sun.reflect.DelegatingMethodAccessorImpl.invoke(Unknown Source)
	at java.lang.reflect.Method.invoke(Unknown Source)
	at org.testng.internal.MethodInvocationHelper.invokeMethod(MethodInvocationHelper.java:80)
	at org.testng.internal.Invoker.invokeMethod(Invoker.java:714)
	at org.testng.internal.Invoker.invokeTestMethod(Invoker.java:901)
	at org.testng.internal.Invoker.invokeTestMethods(Invoker.java:1231)
	at org.testng.internal.TestMethodWorker.invokeTestMethods(TestMethodWorker.java:127)
	at org.testng.internal.TestMethodWorker.run(TestMethodWorker.java:111)
	at org.testng.TestRunner.privateRun(TestRunner.java:767)
	at org.testng.TestRunner.run(TestRunner.java:617)
	at org.testng.SuiteRunner.runTest(SuiteRunner.java:334)
	at org.testng.SuiteRunner.runSequentially(SuiteRunner.java:329)
	at org.testng.SuiteRunner.privateRun(SuiteRunner.java:291)
	at org.testng.SuiteRunner.run(SuiteRunner.java:240)
	at org.testng.SuiteRunnerWorker.runSuite(SuiteRunnerWorker.java:52)
	at org.testng.SuiteRunnerWorker.run(SuiteRunnerWorker.java:86)
	at org.testng.TestNG.runSuitesSequentially(TestNG.java:1198)
	at org.testng.TestNG.runSuitesLocally(TestNG.java:1123)
	at org.testng.TestNG.run(TestNG.java:1031)
	at org.testng.remote.AbstractRemoteTestNG.run(AbstractRemoteTestNG.java:114)
	at org.testng.remote.RemoteTestNG.initAndRun(RemoteTestNG.java:251)
	at org.testng.remote.RemoteTestNG.main(RemoteTestNG.java:77)
]]>
            </full-stacktrace>
          </exception> <!-- java.lang.IllegalStateException -->
          <reporter-output>
          </reporter-output>
        </test-method> <!-- failTest -->
        <test-method status="FAIL" signature="getResult(org.testng.ITestResult)[pri:0, instance:com_naukari_qa_ExtendReport.ExtentReportscreenshot@6e1ec318]" name="getResult" is-config="true" duration-ms="0" started-at="2018-04-27T00:57:42Z" finished-at="2018-04-27T00:57:42Z">
          <params>
            <param index="0">
              <value>
                <![CDATA[[TestResult name=failTest status=FAILURE method=ExtentReportscreenshot.failTest()[pri:0, instance:com_naukari_qa_ExtendReport.ExtentReportscreenshot@6e1ec318] output={null}]]]>
              </value>
            </param>
          </params>
          <exception class="java.lang.NullPointerException">
            <full-stacktrace>
              <![CDATA[java.lang.NullPointerException
	at com_naukari_qa_util.TestUtil.Takescreenshot(TestUtil.java:92)
	at com_naukari_qa_ExtendReport.ExtentReportscreenshot.getResult(ExtentReportscreenshot.java:106)
	at sun.reflect.NativeMethodAccessorImpl.invoke0(Native Method)
	at sun.reflect.NativeMethodAccessorImpl.invoke(Unknown Source)
	at sun.reflect.DelegatingMethodAccessorImpl.invoke(Unknown Source)
	at java.lang.reflect.Method.invoke(Unknown Source)
	at org.testng.internal.MethodInvocationHelper.invokeMethod(MethodInvocationHelper.java:80)
	at org.testng.internal.Invoker.invokeConfigurationMethod(Invoker.java:564)
	at org.testng.internal.Invoker.invokeConfigurations(Invoker.java:213)
	at org.testng.internal.Invoker.invokeMethod(Invoker.java:786)
	at org.testng.internal.Invoker.invokeTestMethod(Invoker.java:901)
	at org.testng.internal.Invoker.invokeTestMethods(Invoker.java:1231)
	at org.testng.internal.TestMethodWorker.invokeTestMethods(TestMethodWorker.java:127)
	at org.testng.internal.TestMethodWorker.run(TestMethodWorker.java:111)
	at org.testng.TestRunner.privateRun(TestRunner.java:767)
	at org.testng.TestRunner.run(TestRunner.java:617)
	at org.testng.SuiteRunner.runTest(SuiteRunner.java:334)
	at org.testng.SuiteRunner.runSequentially(SuiteRunner.java:329)
	at org.testng.SuiteRunner.privateRun(SuiteRunner.java:291)
	at org.testng.SuiteRunner.run(SuiteRunner.java:240)
	at org.testng.SuiteRunnerWorker.runSuite(SuiteRunnerWorker.java:52)
	at org.testng.SuiteRunnerWorker.run(SuiteRunnerWorker.java:86)
	at org.testng.TestNG.runSuitesSequentially(TestNG.java:1198)
	at org.testng.TestNG.runSuitesLocally(TestNG.java:1123)
	at org.testng.TestNG.run(TestNG.java:1031)
	at org.testng.remote.AbstractRemoteTestNG.run(AbstractRemoteTestNG.java:114)
	at org.testng.remote.RemoteTestNG.initAndRun(RemoteTestNG.java:251)
	at org.testng.remote.RemoteTestNG.main(RemoteTestNG.java:77)
]]>
            </full-stacktrace>
          </exception> <!-- java.lang.NullPointerException -->
          <reporter-output>
          </reporter-output>
        </test-method> <!-- getResult -->
        <test-method status="SKIP" signature="passTest()[pri:0, instance:com_naukari_qa_ExtendReport.ExtentReportscreenshot@6e1ec318]" name="passTest" duration-ms="1" started-at="2018-04-27T00:57:42Z" finished-at="2018-04-27T00:57:42Z">
          <reporter-output>
          </reporter-output>
        </test-method> <!-- passTest -->
        <test-method status="SKIP" signature="getResult(org.testng.ITestResult)[pri:0, instance:com_naukari_qa_ExtendReport.ExtentReportscreenshot@6e1ec318]" name="getResult" is-config="true" duration-ms="0" started-at="2018-04-27T00:57:42Z" finished-at="2018-04-27T00:57:42Z">
          <reporter-output>
          </reporter-output>
        </test-method> <!-- getResult -->
        <test-method status="SKIP" signature="skipTest()[pri:0, instance:com_naukari_qa_ExtendReport.ExtentReportscreenshot@6e1ec318]" name="skipTest" duration-ms="1" started-at="2018-04-27T00:57:42Z" finished-at="2018-04-27T00:57:42Z">
          <reporter-output>
          </reporter-output>
        </test-method> <!-- skipTest -->
        <test-method status="SKIP" signature="getResult(org.testng.ITestResult)[pri:0, instance:com_naukari_qa_ExtendReport.ExtentReportscreenshot@6e1ec318]" name="getResult" is-config="true" duration-ms="0" started-at="2018-04-27T00:57:42Z" finished-at="2018-04-27T00:57:42Z">
          <reporter-output>
          </reporter-output>
        </test-method> <!-- getResult -->
        <test-method status="SKIP" signature="endReport()[pri:0, instance:com_naukari_qa_ExtendReport.ExtentReportscreenshot@6e1ec318]" name="endReport" is-config="true" duration-ms="0" started-at="2018-04-27T00:57:42Z" finished-at="2018-04-27T00:57:42Z">
          <reporter-output>
          </reporter-output>
        </test-method> <!-- endReport -->
      </class> <!-- com_naukari_qa_ExtendReport.ExtentReportscreenshot -->
      <class name="com_naukari_qa_Test.Homepagetest">
        <test-method status="FAIL" signature="Setup()[pri:0, instance:com_naukari_qa_Test.Homepagetest@52a86356]" name="Setup" is-config="true" duration-ms="0" started-at="2018-04-27T00:57:42Z" finished-at="2018-04-27T00:57:42Z">
          <exception class="java.lang.NullPointerException">
            <full-stacktrace>
              <![CDATA[java.lang.NullPointerException
	at com_naukari_qa_Base.TestBase.Initallization(TestBase.java:42)
	at com_naukari_qa_Test.Homepagetest.Setup(Homepagetest.java:34)
	at sun.reflect.NativeMethodAccessorImpl.invoke0(Native Method)
	at sun.reflect.NativeMethodAccessorImpl.invoke(Unknown Source)
	at sun.reflect.DelegatingMethodAccessorImpl.invoke(Unknown Source)
	at java.lang.reflect.Method.invoke(Unknown Source)
	at org.testng.internal.MethodInvocationHelper.invokeMethod(MethodInvocationHelper.java:80)
	at org.testng.internal.Invoker.invokeConfigurationMethod(Invoker.java:564)
	at org.testng.internal.Invoker.invokeConfigurations(Invoker.java:213)
	at org.testng.internal.Invoker.invokeConfigurations(Invoker.java:138)
	at org.testng.internal.TestMethodWorker.invokeBeforeClassMethods(TestMethodWorker.java:175)
	at org.testng.internal.TestMethodWorker.run(TestMethodWorker.java:107)
	at org.testng.TestRunner.privateRun(TestRunner.java:767)
	at org.testng.TestRunner.run(TestRunner.java:617)
	at org.testng.SuiteRunner.runTest(SuiteRunner.java:334)
	at org.testng.SuiteRunner.runSequentially(SuiteRunner.java:329)
	at org.testng.SuiteRunner.privateRun(SuiteRunner.java:291)
	at org.testng.SuiteRunner.run(SuiteRunner.java:240)
	at org.testng.SuiteRunnerWorker.runSuite(SuiteRunnerWorker.java:52)
	at org.testng.SuiteRunnerWorker.run(SuiteRunnerWorker.java:86)
	at org.testng.TestNG.runSuitesSequentially(TestNG.java:1198)
	at org.testng.TestNG.runSuitesLocally(TestNG.java:1123)
	at org.testng.TestNG.run(TestNG.java:1031)
	at org.testng.remote.AbstractRemoteTestNG.run(AbstractRemoteTestNG.java:114)
	at org.testng.remote.RemoteTestNG.initAndRun(RemoteTestNG.java:251)
	at org.testng.remote.RemoteTestNG.main(RemoteTestNG.java:77)
]]>
            </full-stacktrace>
          </exception> <!-- java.lang.NullPointerException -->
          <reporter-output>
          </reporter-output>
        </test-method> <!-- Setup -->
        <test-method status="SKIP" signature="verifyHomePageTitleTest()[pri:0, instance:com_naukari_qa_Test.Homepagetest@52a86356]" name="verifyHomePageTitleTest" duration-ms="1" started-at="2018-04-27T00:57:42Z" finished-at="2018-04-27T00:57:42Z">
          <reporter-output>
          </reporter-output>
        </test-method> <!-- verifyHomePageTitleTest -->
        <test-method status="SKIP" signature="ViewandUpdateButtonTest()[pri:0, instance:com_naukari_qa_Test.Homepagetest@52a86356]" name="ViewandUpdateButtonTest" duration-ms="2" started-at="2018-04-27T00:57:42Z" finished-at="2018-04-27T00:57:42Z">
          <reporter-output>
          </reporter-output>
        </test-method> <!-- ViewandUpdateButtonTest -->
        <test-method status="SKIP" signature="EditLink()[pri:0, instance:com_naukari_qa_Test.Homepagetest@52a86356]" name="EditLink" duration-ms="1" started-at="2018-04-27T00:57:42Z" finished-at="2018-04-27T00:57:42Z">
          <reporter-output>
          </reporter-output>
        </test-method> <!-- EditLink -->
        <test-method status="SKIP" signature="Updatetexttest()[pri:0, instance:com_naukari_qa_Test.Homepagetest@52a86356]" name="Updatetexttest" duration-ms="1" started-at="2018-04-27T00:57:42Z" finished-at="2018-04-27T00:57:42Z">
          <reporter-output>
          </reporter-output>
        </test-method> <!-- Updatetexttest -->
        <test-method status="SKIP" signature="LogoutTest()[pri:0, instance:com_naukari_qa_Test.Homepagetest@52a86356]" name="LogoutTest" duration-ms="1" started-at="2018-04-27T00:57:42Z" finished-at="2018-04-27T00:57:42Z">
          <reporter-output>
          </reporter-output>
        </test-method> <!-- LogoutTest -->
        <test-method status="SKIP" signature="tearDown()[pri:0, instance:com_naukari_qa_Test.Homepagetest@52a86356]" name="tearDown" is-config="true" duration-ms="0" started-at="2018-04-27T00:57:42Z" finished-at="2018-04-27T00:57:42Z">
          <reporter-output>
          </reporter-output>
        </test-method> <!-- tearDown -->
      </class> <!-- com_naukari_qa_Test.Homepagetest -->
    </test> <!-- Default test -->
  </suite> <!-- Default suite -->
</testng-results>
